<?xml version="1.0" encoding="UTF-8"?>
<!-- Generated by org.testng.reporters.JUnitReportReporter -->
<testsuite hostname="Viru" failures="0" tests="1" name="com.qa.testBase.TestBase" time="16.106" errors="0" timestamp="2022-07-20T14:29:16 IST" skipped="0">
  <testcase classname="com.qa.testBase.TestBase" name="SEtup" time="16.106"/>
  <system-out/>
</testsuite> <!-- com.qa.testBase.TestBase -->
