<?xml version="1.0" encoding="UTF-8"?>
<!-- Generated by org.testng.reporters.JUnitReportReporter -->
<testsuite hostname="Viru" failures="0" tests="1" name="com.qa.testLayer.LoginPageTest" time="15.206" errors="0" timestamp="2022-08-06T12:32:24 IST" skipped="0">
  <testcase classname="com.qa.testLayer.LoginPageTest" name="LoginToSite" time="15.206"/>
  <system-out/>
</testsuite> <!-- com.qa.testLayer.LoginPageTest -->
